<?xml version="1.0" encoding="UTF-8"?>
<testng-results ignored="0" total="3" passed="3" failed="0" skipped="0">
  <reporter-output>
  </reporter-output>
  <suite started-at="2024-04-25T11:27:43 IST" name="Default suite" finished-at="2024-04-25T11:27:48 IST" duration-ms="4933">
    <groups>
      <group name="cucumber">
        <method signature="AbstractTestNGCucumberTests.runScenario(io.cucumber.testng.PickleWrapper,io.cucumber.testng.FeatureWrapper)[pri:0, instance:runnerHurecom.RunnerClass@20d525]" name="runScenario" class="io.cucumber.testng.AbstractTestNGCucumberTests"/>
      </group> <!-- cucumber -->
    </groups>
    <test started-at="2024-04-25T11:27:43 IST" name="Default test" finished-at="2024-04-25T11:27:48 IST" duration-ms="4933">
      <class name="runnerHurecom.RunnerClass">
        <test-method is-config="true" signature="setUpClass(org.testng.ITestContext)[pri:0, instance:runnerHurecom.RunnerClass@20d525]" started-at="2024-04-25T11:27:43 IST" name="setUpClass" finished-at="2024-04-25T11:27:45 IST" duration-ms="1741" status="PASS">
          <params>
            <param index="0">
              <value>
                <![CDATA[org.testng.TestRunner@40ed1802]]>
              </value>
            </param>
          </params>
          <reporter-output>
          </reporter-output>
        </test-method> <!-- setUpClass -->
        <test-method signature="runScenario(io.cucumber.testng.PickleWrapper,io.cucumber.testng.FeatureWrapper)[pri:0, instance:runnerHurecom.RunnerClass@20d525]" started-at="2024-04-25T11:27:45 IST" name="runScenario" description="Runs Cucumber Scenarios" data-provider="scenarios" finished-at="2024-04-25T11:27:45 IST" duration-ms="294" status="PASS">
          <params>
            <param index="0">
              <value>
                <![CDATA["Validate that can able to create an user by using valid credentials"]]>
              </value>
            </param>
            <param index="1">
              <value>
                <![CDATA["Verify that user can able to create an Users"]]>
              </value>
            </param>
          </params>
          <reporter-output>
          </reporter-output>
        </test-method> <!-- runScenario -->
        <test-method signature="runScenario(io.cucumber.testng.PickleWrapper,io.cucumber.testng.FeatureWrapper)[pri:0, instance:runnerHurecom.RunnerClass@20d525]" started-at="2024-04-25T11:27:45 IST" name="runScenario" description="Runs Cucumber Scenarios" data-provider="scenarios" finished-at="2024-04-25T11:27:45 IST" duration-ms="39" status="PASS">
          <params>
            <param index="0">
              <value>
                <![CDATA["Validate that user can able to create an user as manager"]]>
              </value>
            </param>
            <param index="1">
              <value>
                <![CDATA["Verify that user can able to create an Users"]]>
              </value>
            </param>
          </params>
          <reporter-output>
          </reporter-output>
        </test-method> <!-- runScenario -->
        <test-method signature="runScenario(io.cucumber.testng.PickleWrapper,io.cucumber.testng.FeatureWrapper)[pri:0, instance:runnerHurecom.RunnerClass@20d525]" started-at="2024-04-25T11:27:45 IST" name="runScenario" description="Runs Cucumber Scenarios" data-provider="scenarios" finished-at="2024-04-25T11:27:45 IST" duration-ms="39" status="PASS">
          <params>
            <param index="0">
              <value>
                <![CDATA["Validate that user can able to create Teams"]]>
              </value>
            </param>
            <param index="1">
              <value>
                <![CDATA["Verify that user can able to create an Users"]]>
              </value>
            </param>
          </params>
          <reporter-output>
          </reporter-output>
        </test-method> <!-- runScenario -->
        <test-method is-config="true" signature="tearDownClass()[pri:0, instance:runnerHurecom.RunnerClass@20d525]" started-at="2024-04-25T11:27:45 IST" name="tearDownClass" finished-at="2024-04-25T11:27:48 IST" duration-ms="2724" status="PASS">
          <reporter-output>
          </reporter-output>
        </test-method> <!-- tearDownClass -->
      </class> <!-- runnerHurecom.RunnerClass -->
    </test> <!-- Default test -->
  </suite> <!-- Default suite -->
</testng-results>
